mode: set
github.com/wyneg/prueba_go/database/connect.go:13.35,17.16 2 0
github.com/wyneg/prueba_go/database/connect.go:17.16,19.3 1 0
github.com/wyneg/prueba_go/database/connect.go:21.2,23.16 2 0
github.com/wyneg/prueba_go/database/connect.go:23.16,25.3 1 0
github.com/wyneg/prueba_go/database/connect.go:27.2,33.18 4 0
github.com/wyneg/prueba_go/main.go:16.13,20.16 2 0
github.com/wyneg/prueba_go/main.go:20.16,22.3 1 0
github.com/wyneg/prueba_go/main.go:24.2,26.16 2 0
github.com/wyneg/prueba_go/main.go:26.16,28.3 1 0
github.com/wyneg/prueba_go/main.go:30.2,41.57 7 0
github.com/wyneg/prueba_go/main.go:41.57,43.3 1 0
github.com/wyneg/prueba_go/handlers/rest_handler.go:16.69,18.2 1 0
github.com/wyneg/prueba_go/handlers/rest_handler.go:20.57,24.20 2 0
github.com/wyneg/prueba_go/handlers/rest_handler.go:24.20,30.3 2 0
github.com/wyneg/prueba_go/handlers/rest_handler.go:32.2,34.16 2 0
github.com/wyneg/prueba_go/handlers/rest_handler.go:34.16,35.62 1 0
github.com/wyneg/prueba_go/handlers/rest_handler.go:35.62,41.4 2 0
github.com/wyneg/prueba_go/handlers/rest_handler.go:43.3,52.9 5 0
github.com/wyneg/prueba_go/handlers/rest_handler.go:55.2,55.29 1 0
github.com/wyneg/prueba_go/handlers/rest_handler.go:59.61,62.14 2 0
github.com/wyneg/prueba_go/handlers/rest_handler.go:62.14,68.3 2 0
github.com/wyneg/prueba_go/handlers/rest_handler.go:70.2,72.16 2 0
github.com/wyneg/prueba_go/handlers/rest_handler.go:72.16,73.62 1 0
github.com/wyneg/prueba_go/handlers/rest_handler.go:73.62,79.4 2 0
github.com/wyneg/prueba_go/handlers/rest_handler.go:81.3,90.9 5 0
github.com/wyneg/prueba_go/handlers/rest_handler.go:93.2,93.29 1 0
github.com/wyneg/prueba_go/server/context.go:16.41,18.2 1 0
github.com/wyneg/prueba_go/server/context.go:20.36,22.2 1 0
github.com/wyneg/prueba_go/server/context.go:24.58,28.2 3 0
github.com/wyneg/prueba_go/server/context.go:30.52,32.2 1 0
github.com/wyneg/prueba_go/server/context.go:34.38,36.2 1 0
github.com/wyneg/prueba_go/server/context.go:38.36,40.2 1 0
github.com/wyneg/prueba_go/server/context.go:42.45,44.2 1 0
github.com/wyneg/prueba_go/server/router.go:7.74,8.83 1 0
github.com/wyneg/prueba_go/server/router.go:8.83,14.3 1 0
github.com/wyneg/prueba_go/server/server.go:12.20,16.2 1 0
github.com/wyneg/prueba_go/server/server.go:18.46,28.2 3 0
github.com/wyneg/prueba_go/models/CustomError.go:15.38,17.2 1 0
github.com/wyneg/prueba_go/models/CustomError.go:19.52,24.2 1 0
github.com/wyneg/prueba_go/models/CustomError.go:26.54,31.2 1 0
github.com/wyneg/prueba_go/services/RAWGService.go:21.86,25.16 2 1
github.com/wyneg/prueba_go/services/RAWGService.go:25.16,27.3 1 1
github.com/wyneg/prueba_go/services/RAWGService.go:29.2,35.3 1 1
github.com/wyneg/prueba_go/services/RAWGService.go:38.78,45.16 3 1
github.com/wyneg/prueba_go/services/RAWGService.go:45.16,47.3 1 1
github.com/wyneg/prueba_go/services/RAWGService.go:50.2,52.16 2 1
github.com/wyneg/prueba_go/services/RAWGService.go:52.16,54.3 1 1
github.com/wyneg/prueba_go/services/RAWGService.go:56.2,58.42 2 1
github.com/wyneg/prueba_go/services/RAWGService.go:58.42,59.49 1 1
github.com/wyneg/prueba_go/services/RAWGService.go:59.49,61.4 1 1
github.com/wyneg/prueba_go/services/RAWGService.go:62.3,62.51 1 1
github.com/wyneg/prueba_go/services/RAWGService.go:62.51,64.4 1 1
github.com/wyneg/prueba_go/services/RAWGService.go:68.2,72.16 3 1
github.com/wyneg/prueba_go/services/RAWGService.go:72.16,74.3 1 1
github.com/wyneg/prueba_go/services/RAWGService.go:76.2,76.27 1 1
github.com/wyneg/prueba_go/services/RAWGService.go:79.80,85.16 3 1
github.com/wyneg/prueba_go/services/RAWGService.go:85.16,87.3 1 1
github.com/wyneg/prueba_go/services/RAWGService.go:90.2,92.16 2 1
github.com/wyneg/prueba_go/services/RAWGService.go:92.16,94.3 1 1
github.com/wyneg/prueba_go/services/RAWGService.go:96.2,98.42 2 1
github.com/wyneg/prueba_go/services/RAWGService.go:98.42,99.49 1 1
github.com/wyneg/prueba_go/services/RAWGService.go:99.49,101.4 1 1
github.com/wyneg/prueba_go/services/RAWGService.go:102.3,102.51 1 1
github.com/wyneg/prueba_go/services/RAWGService.go:102.51,104.4 1 1
github.com/wyneg/prueba_go/services/RAWGService.go:108.2,112.16 3 1
github.com/wyneg/prueba_go/services/RAWGService.go:112.16,114.3 1 1
github.com/wyneg/prueba_go/services/RAWGService.go:116.2,116.25 1 1
