mode: set
github.com/wyneg/prueba_go/services/DBService.go:22.51,24.2 1 1
github.com/wyneg/prueba_go/services/DBService.go:26.86,28.24 1 1
github.com/wyneg/prueba_go/services/DBService.go:28.24,30.3 1 1
github.com/wyneg/prueba_go/services/DBService.go:32.2,34.16 2 1
github.com/wyneg/prueba_go/services/DBService.go:34.16,36.3 1 1
github.com/wyneg/prueba_go/services/DBService.go:38.2,38.12 1 1
github.com/wyneg/prueba_go/services/DBService.go:41.87,45.16 2 1
github.com/wyneg/prueba_go/services/DBService.go:45.16,47.3 1 1
github.com/wyneg/prueba_go/services/DBService.go:49.2,49.20 1 1
github.com/wyneg/prueba_go/services/DBService.go:52.95,56.16 2 1
github.com/wyneg/prueba_go/services/DBService.go:56.16,58.3 1 1
github.com/wyneg/prueba_go/services/DBService.go:60.2,60.12 1 1
github.com/wyneg/prueba_go/services/DBService.go:63.69,66.16 2 1
github.com/wyneg/prueba_go/services/DBService.go:66.16,68.3 1 1
github.com/wyneg/prueba_go/services/DBService.go:69.2,69.12 1 1
github.com/wyneg/prueba_go/services/DBService.go:72.88,75.16 2 1
github.com/wyneg/prueba_go/services/DBService.go:75.16,77.3 1 1
github.com/wyneg/prueba_go/services/DBService.go:78.2,78.19 1 1
github.com/wyneg/prueba_go/services/RAWGService.go:21.86,25.16 2 1
github.com/wyneg/prueba_go/services/RAWGService.go:25.16,27.3 1 1
github.com/wyneg/prueba_go/services/RAWGService.go:29.2,35.3 1 1
github.com/wyneg/prueba_go/services/RAWGService.go:38.78,45.16 3 1
github.com/wyneg/prueba_go/services/RAWGService.go:45.16,47.3 1 1
github.com/wyneg/prueba_go/services/RAWGService.go:50.2,52.16 2 1
github.com/wyneg/prueba_go/services/RAWGService.go:52.16,54.3 1 1
github.com/wyneg/prueba_go/services/RAWGService.go:56.2,58.42 2 1
github.com/wyneg/prueba_go/services/RAWGService.go:58.42,59.49 1 1
github.com/wyneg/prueba_go/services/RAWGService.go:59.49,61.4 1 1
github.com/wyneg/prueba_go/services/RAWGService.go:62.3,62.51 1 1
github.com/wyneg/prueba_go/services/RAWGService.go:62.51,64.4 1 1
github.com/wyneg/prueba_go/services/RAWGService.go:68.2,72.16 3 1
github.com/wyneg/prueba_go/services/RAWGService.go:72.16,74.3 1 1
github.com/wyneg/prueba_go/services/RAWGService.go:76.2,76.27 1 1
github.com/wyneg/prueba_go/services/RAWGService.go:79.80,85.16 3 1
github.com/wyneg/prueba_go/services/RAWGService.go:85.16,87.3 1 1
github.com/wyneg/prueba_go/services/RAWGService.go:90.2,92.16 2 1
github.com/wyneg/prueba_go/services/RAWGService.go:92.16,94.3 1 1
github.com/wyneg/prueba_go/services/RAWGService.go:96.2,98.42 2 1
github.com/wyneg/prueba_go/services/RAWGService.go:98.42,99.49 1 1
github.com/wyneg/prueba_go/services/RAWGService.go:99.49,101.4 1 1
github.com/wyneg/prueba_go/services/RAWGService.go:102.3,102.51 1 1
github.com/wyneg/prueba_go/services/RAWGService.go:102.51,104.4 1 1
github.com/wyneg/prueba_go/services/RAWGService.go:108.2,112.16 3 1
github.com/wyneg/prueba_go/services/RAWGService.go:112.16,114.3 1 1
github.com/wyneg/prueba_go/services/RAWGService.go:116.2,116.25 1 1
github.com/wyneg/prueba_go/main.go:17.13,21.16 2 0
github.com/wyneg/prueba_go/main.go:21.16,23.3 1 0
github.com/wyneg/prueba_go/main.go:25.2,27.16 2 0
github.com/wyneg/prueba_go/main.go:27.16,29.3 1 0
github.com/wyneg/prueba_go/main.go:31.2,49.57 14 0
github.com/wyneg/prueba_go/main.go:49.57,51.3 1 0
github.com/wyneg/prueba_go/server/context.go:16.41,18.2 1 0
github.com/wyneg/prueba_go/server/context.go:20.36,22.2 1 0
github.com/wyneg/prueba_go/server/context.go:24.58,28.2 3 0
github.com/wyneg/prueba_go/server/context.go:30.52,32.2 1 0
github.com/wyneg/prueba_go/server/context.go:34.38,36.2 1 0
github.com/wyneg/prueba_go/server/context.go:38.36,40.2 1 0
github.com/wyneg/prueba_go/server/context.go:42.45,44.2 1 0
github.com/wyneg/prueba_go/server/router.go:7.74,8.83 1 0
github.com/wyneg/prueba_go/server/router.go:8.83,14.3 1 0
github.com/wyneg/prueba_go/server/server.go:12.20,16.2 1 0
github.com/wyneg/prueba_go/server/server.go:18.46,28.2 3 0
github.com/wyneg/prueba_go/handlers/repository_handler.go:17.77,19.2 1 0
github.com/wyneg/prueba_go/handlers/repository_handler.go:21.66,25.45 2 0
github.com/wyneg/prueba_go/handlers/repository_handler.go:25.45,32.3 2 0
github.com/wyneg/prueba_go/handlers/repository_handler.go:34.2,36.16 2 0
github.com/wyneg/prueba_go/handlers/repository_handler.go:36.16,37.54 1 0
github.com/wyneg/prueba_go/handlers/repository_handler.go:37.54,43.4 2 0
github.com/wyneg/prueba_go/handlers/repository_handler.go:44.3,48.9 2 0
github.com/wyneg/prueba_go/handlers/repository_handler.go:51.2,51.37 1 0
github.com/wyneg/prueba_go/handlers/repository_handler.go:54.63,60.16 3 0
github.com/wyneg/prueba_go/handlers/repository_handler.go:60.16,67.3 2 0
github.com/wyneg/prueba_go/handlers/repository_handler.go:67.8,67.26 1 0
github.com/wyneg/prueba_go/handlers/repository_handler.go:67.26,73.3 2 0
github.com/wyneg/prueba_go/handlers/repository_handler.go:75.2,75.31 1 0
github.com/wyneg/prueba_go/handlers/repository_handler.go:78.66,83.16 3 0
github.com/wyneg/prueba_go/handlers/repository_handler.go:83.16,89.3 2 0
github.com/wyneg/prueba_go/handlers/repository_handler.go:91.2,93.45 2 0
github.com/wyneg/prueba_go/handlers/repository_handler.go:93.45,99.3 2 0
github.com/wyneg/prueba_go/handlers/repository_handler.go:101.2,103.16 2 0
github.com/wyneg/prueba_go/handlers/repository_handler.go:103.16,104.61 1 0
github.com/wyneg/prueba_go/handlers/repository_handler.go:104.61,110.4 2 0
github.com/wyneg/prueba_go/handlers/repository_handler.go:112.3,116.9 2 0
github.com/wyneg/prueba_go/handlers/repository_handler.go:119.2,119.35 1 0
github.com/wyneg/prueba_go/handlers/repository_handler.go:122.66,127.16 3 0
github.com/wyneg/prueba_go/handlers/repository_handler.go:127.16,133.3 2 0
github.com/wyneg/prueba_go/handlers/repository_handler.go:135.2,137.16 2 0
github.com/wyneg/prueba_go/handlers/repository_handler.go:137.16,138.64 1 0
github.com/wyneg/prueba_go/handlers/repository_handler.go:138.64,144.4 2 0
github.com/wyneg/prueba_go/handlers/repository_handler.go:146.3,150.9 2 0
github.com/wyneg/prueba_go/handlers/repository_handler.go:153.2,153.35 1 0
github.com/wyneg/prueba_go/handlers/repository_handler.go:156.65,159.16 2 0
github.com/wyneg/prueba_go/handlers/repository_handler.go:159.16,165.3 2 0
github.com/wyneg/prueba_go/handlers/repository_handler.go:167.2,167.30 1 0
github.com/wyneg/prueba_go/handlers/rest_handler.go:16.69,18.2 1 0
github.com/wyneg/prueba_go/handlers/rest_handler.go:20.57,24.20 2 0
github.com/wyneg/prueba_go/handlers/rest_handler.go:24.20,30.3 2 0
github.com/wyneg/prueba_go/handlers/rest_handler.go:32.2,34.16 2 0
github.com/wyneg/prueba_go/handlers/rest_handler.go:34.16,35.62 1 0
github.com/wyneg/prueba_go/handlers/rest_handler.go:35.62,41.4 2 0
github.com/wyneg/prueba_go/handlers/rest_handler.go:43.3,52.9 5 0
github.com/wyneg/prueba_go/handlers/rest_handler.go:55.2,55.29 1 0
github.com/wyneg/prueba_go/handlers/rest_handler.go:59.61,62.14 2 0
github.com/wyneg/prueba_go/handlers/rest_handler.go:62.14,68.3 2 0
github.com/wyneg/prueba_go/handlers/rest_handler.go:70.2,72.16 2 0
github.com/wyneg/prueba_go/handlers/rest_handler.go:72.16,73.62 1 0
github.com/wyneg/prueba_go/handlers/rest_handler.go:73.62,79.4 2 0
github.com/wyneg/prueba_go/handlers/rest_handler.go:81.3,90.9 5 0
github.com/wyneg/prueba_go/handlers/rest_handler.go:93.2,93.29 1 0
github.com/wyneg/prueba_go/models/CustomError.go:15.38,17.2 1 0
github.com/wyneg/prueba_go/models/CustomError.go:19.52,24.2 1 0
github.com/wyneg/prueba_go/models/CustomError.go:26.54,31.2 1 0
github.com/wyneg/prueba_go/database/connect.go:13.35,17.16 2 0
github.com/wyneg/prueba_go/database/connect.go:17.16,19.3 1 0
github.com/wyneg/prueba_go/database/connect.go:21.2,23.16 2 0
github.com/wyneg/prueba_go/database/connect.go:23.16,25.3 1 0
github.com/wyneg/prueba_go/database/connect.go:27.2,31.18 3 0
github.com/wyneg/prueba_go/repositories/rest_repository.go:17.54,19.2 1 0
github.com/wyneg/prueba_go/repositories/rest_repository.go:21.86,29.16 5 0
github.com/wyneg/prueba_go/repositories/rest_repository.go:29.16,31.3 1 0
github.com/wyneg/prueba_go/repositories/rest_repository.go:33.2,35.12 3 0
github.com/wyneg/prueba_go/repositories/rest_repository.go:38.99,43.18 3 0
github.com/wyneg/prueba_go/repositories/rest_repository.go:43.18,46.3 2 0
github.com/wyneg/prueba_go/repositories/rest_repository.go:48.2,50.16 2 0
github.com/wyneg/prueba_go/repositories/rest_repository.go:50.16,52.3 1 0
github.com/wyneg/prueba_go/repositories/rest_repository.go:54.2,58.20 3 0
github.com/wyneg/prueba_go/repositories/rest_repository.go:58.20,63.17 3 0
github.com/wyneg/prueba_go/repositories/rest_repository.go:63.17,65.4 1 0
github.com/wyneg/prueba_go/repositories/rest_repository.go:66.3,66.30 1 0
github.com/wyneg/prueba_go/repositories/rest_repository.go:69.2,69.19 1 0
github.com/wyneg/prueba_go/repositories/rest_repository.go:72.95,78.30 4 0
github.com/wyneg/prueba_go/repositories/rest_repository.go:78.30,82.3 3 0
github.com/wyneg/prueba_go/repositories/rest_repository.go:84.2,84.31 1 0
github.com/wyneg/prueba_go/repositories/rest_repository.go:84.31,88.3 3 0
github.com/wyneg/prueba_go/repositories/rest_repository.go:90.2,90.24 1 0
github.com/wyneg/prueba_go/repositories/rest_repository.go:90.24,94.3 3 0
github.com/wyneg/prueba_go/repositories/rest_repository.go:96.2,102.16 4 0
github.com/wyneg/prueba_go/repositories/rest_repository.go:102.16,104.3 1 0
github.com/wyneg/prueba_go/repositories/rest_repository.go:106.2,106.32 1 0
github.com/wyneg/prueba_go/repositories/rest_repository.go:106.32,108.3 1 0
github.com/wyneg/prueba_go/repositories/rest_repository.go:110.2,110.12 1 0
github.com/wyneg/prueba_go/repositories/rest_repository.go:113.69,118.16 3 0
github.com/wyneg/prueba_go/repositories/rest_repository.go:118.16,120.3 1 0
github.com/wyneg/prueba_go/repositories/rest_repository.go:122.2,122.32 1 0
github.com/wyneg/prueba_go/repositories/rest_repository.go:122.32,124.3 1 0
github.com/wyneg/prueba_go/repositories/rest_repository.go:126.2,126.12 1 0
github.com/wyneg/prueba_go/repositories/rest_repository.go:129.87,139.16 5 0
github.com/wyneg/prueba_go/repositories/rest_repository.go:139.16,141.3 1 0
github.com/wyneg/prueba_go/repositories/rest_repository.go:143.2,143.20 1 0
github.com/wyneg/prueba_go/repositories/rest_repository.go:143.20,149.17 4 0
github.com/wyneg/prueba_go/repositories/rest_repository.go:149.17,151.4 1 0
github.com/wyneg/prueba_go/repositories/rest_repository.go:153.3,153.22 1 0
github.com/wyneg/prueba_go/repositories/rest_repository.go:154.21,155.43 1 0
github.com/wyneg/prueba_go/repositories/rest_repository.go:156.18,157.40 1 0
github.com/wyneg/prueba_go/repositories/rest_repository.go:158.20,159.42 1 0
github.com/wyneg/prueba_go/repositories/rest_repository.go:160.21,161.43 1 0
github.com/wyneg/prueba_go/repositories/rest_repository.go:165.2,167.20 2 0
github.com/wyneg/prueba_go/repositories/rest_repository.go:167.20,169.3 1 0
github.com/wyneg/prueba_go/repositories/rest_repository.go:171.2,171.19 1 0
